<?xml version="1.0" encoding="UTF-8"?>
<coverage generated="1778193576839" clover="3.2.0">
  <project timestamp="1778193576839" name="All files">
    <metrics statements="47" coveredstatements="25" conditionals="5" coveredconditionals="4" methods="30" coveredmethods="9" elements="82" coveredelements="38" complexity="0" loc="47" ncloc="47" packages="3" files="6" classes="6"/>
    <package name="components">
      <metrics statements="3" coveredstatements="3" conditionals="0" coveredconditionals="0" methods="1" coveredmethods="1"/>
      <file name="React.tsx" path="C:\Users\Dibey\Documents\portfolio-svg-icon-provider\src\components\React.tsx">
        <metrics statements="3" coveredstatements="3" conditionals="0" coveredconditionals="0" methods="1" coveredmethods="1"/>
        <line num="11" count="2" type="stmt"/>
        <line num="12" count="2" type="stmt"/>
        <line num="14" count="2" type="stmt"/>
      </file>
    </package>
    <package name="components.dynamic">
      <metrics statements="17" coveredstatements="14" conditionals="2" coveredconditionals="2" methods="8" coveredmethods="5"/>
      <file name="DynamicIconLoad.tsx" path="C:\Users\Dibey\Documents\portfolio-svg-icon-provider\src\components\dynamic\DynamicIconLoad.tsx">
        <metrics statements="12" coveredstatements="10" conditionals="2" coveredconditionals="2" methods="6" coveredmethods="4"/>
        <line num="13" count="1" type="stmt"/>
        <line num="19" count="3" type="cond" truecount="2" falsecount="0"/>
        <line num="20" count="1" type="stmt"/>
        <line num="21" count="0" type="stmt"/>
        <line num="23" count="0" type="stmt"/>
        <line num="29" count="3" type="stmt"/>
        <line num="32" count="1" type="stmt"/>
        <line num="33" count="3" type="stmt"/>
        <line num="34" count="3" type="stmt"/>
        <line num="35" count="3" type="stmt"/>
        <line num="38" count="1" type="stmt"/>
        <line num="39" count="1" type="stmt"/>
      </file>
      <file name="FallbackIcon.tsx" path="C:\Users\Dibey\Documents\portfolio-svg-icon-provider\src\components\dynamic\FallbackIcon.tsx">
        <metrics statements="2" coveredstatements="1" conditionals="0" coveredconditionals="0" methods="1" coveredmethods="0"/>
        <line num="3" count="1" type="stmt"/>
        <line num="4" count="0" type="stmt"/>
      </file>
      <file name="Skeleton.tsx" path="C:\Users\Dibey\Documents\portfolio-svg-icon-provider\src\components\dynamic\Skeleton.tsx">
        <metrics statements="3" coveredstatements="3" conditionals="0" coveredconditionals="0" methods="1" coveredmethods="1"/>
        <line num="3" count="1" type="stmt"/>
        <line num="13" count="1" type="stmt"/>
        <line num="14" count="1" type="stmt"/>
      </file>
    </package>
    <package name="hooks">
      <metrics statements="27" coveredstatements="8" conditionals="3" coveredconditionals="2" methods="21" coveredmethods="3"/>
      <file name="use-icon-loaders.ts" path="C:\Users\Dibey\Documents\portfolio-svg-icon-provider\src\hooks\use-icon-loaders.ts">
        <metrics statements="24" coveredstatements="5" conditionals="2" coveredconditionals="1" methods="20" coveredmethods="2"/>
        <line num="12" count="1" type="stmt"/>
        <line num="13" count="0" type="stmt"/>
        <line num="14" count="0" type="stmt"/>
        <line num="15" count="0" type="stmt"/>
        <line num="16" count="0" type="stmt"/>
        <line num="17" count="0" type="stmt"/>
        <line num="18" count="0" type="stmt"/>
        <line num="19" count="0" type="stmt"/>
        <line num="20" count="0" type="stmt"/>
        <line num="21" count="0" type="stmt"/>
        <line num="22" count="0" type="stmt"/>
        <line num="23" count="0" type="stmt"/>
        <line num="24" count="1" type="stmt"/>
        <line num="25" count="0" type="stmt"/>
        <line num="26" count="0" type="stmt"/>
        <line num="27" count="0" type="stmt"/>
        <line num="28" count="0" type="stmt"/>
        <line num="29" count="0" type="stmt"/>
        <line num="30" count="0" type="stmt"/>
        <line num="31" count="0" type="stmt"/>
        <line num="35" count="1" type="stmt"/>
        <line num="36" count="1" type="cond" truecount="1" falsecount="1"/>
        <line num="37" count="0" type="stmt"/>
        <line num="39" count="1" type="stmt"/>
      </file>
      <file name="use-icon.ts" path="C:\Users\Dibey\Documents\portfolio-svg-icon-provider\src\hooks\use-icon.ts">
        <metrics statements="3" coveredstatements="3" conditionals="1" coveredconditionals="1" methods="1" coveredmethods="1"/>
        <line num="7" count="3" type="stmt"/>
        <line num="8" count="7" type="cond" truecount="1" falsecount="0"/>
        <line num="10" count="7" type="stmt"/>
      </file>
    </package>
  </project>
</coverage>
