{"C:\\Users\\Dibey\\Documents\\portfolio-svg-icon-provider\\src\\components\\React.tsx": {"path":"C:\\Users\\Dibey\\Documents\\portfolio-svg-icon-provider\\src\\components\\React.tsx","statementMap":{"0":{"start":{"line":11,"column":6},"end":{"line":14,"column":null}},"1":{"start":{"line":12,"column":21},"end":{"line":12,"column":53}},"2":{"start":{"line":14,"column":2},"end":{"line":14,"column":null}}},"fnMap":{"0":{"name":"(anonymous_0)","decl":{"start":{"line":11,"column":6},"end":{"line":11,"column":15}},"loc":{"start":{"line":11,"column":69},"end":{"line":14,"column":null}},"line":11}},"branchMap":{},"s":{"0":2,"1":2,"2":2},"f":{"0":2},"b":{},"meta":{"lastBranch":0,"lastFunction":1,"lastStatement":3,"seen":{"s:11:6:14:Infinity":0,"f:11:6:11:15":0,"s:12:21:12:53":1,"s:14:2:14:Infinity":2}}}
,"C:\\Users\\Dibey\\Documents\\portfolio-svg-icon-provider\\src\\components\\dynamic\\DynamicIconLoad.tsx": {"path":"C:\\Users\\Dibey\\Documents\\portfolio-svg-icon-provider\\src\\components\\dynamic\\DynamicIconLoad.tsx","statementMap":{"0":{"start":{"line":13,"column":20},"end":{"line":13,"column":22}},"1":{"start":{"line":19,"column":2},"end":{"line":26,"column":null}},"2":{"start":{"line":20,"column":4},"end":{"line":26,"column":null}},"3":{"start":{"line":20,"column":24},"end":{"line":25,"column":9}},"4":{"start":{"line":21,"column":34},"end":{"line":25,"column":9}},"5":{"start":{"line":23,"column":10},"end":{"line":25,"column":9}},"6":{"start":{"line":29,"column":2},"end":{"line":29,"column":null}},"7":{"start":{"line":32,"column":6},"end":{"line":35,"column":null}},"8":{"start":{"line":33,"column":14},"end":{"line":33,"column":36}},"9":{"start":{"line":34,"column":10},"end":{"line":34,"column":43}},"10":{"start":{"line":35,"column":2},"end":{"line":35,"column":null}},"11":{"start":{"line":38,"column":6},"end":{"line":42,"column":null}},"12":{"start":{"line":39,"column":2},"end":{"line":42,"column":null}}},"fnMap":{"0":{"name":"getIconComponent","decl":{"start":{"line":18,"column":9},"end":{"line":18,"column":26}},"loc":{"start":{"line":18,"column":45},"end":{"line":29,"column":null}},"line":18},"1":{"name":"(anonymous_1)","decl":{"start":{"line":20,"column":24},"end":{"line":20,"column":null}},"loc":{"start":{"line":20,"column":24},"end":{"line":25,"column":9}},"line":20},"2":{"name":"(anonymous_2)","decl":{"start":{"line":21,"column":21},"end":{"line":21,"column":34}},"loc":{"start":{"line":21,"column":34},"end":{"line":25,"column":9}},"line":21},"3":{"name":"(anonymous_3)","decl":{"start":{"line":22,"column":8},"end":{"line":22,"column":18}},"loc":{"start":{"line":23,"column":10},"end":{"line":25,"column":9}},"line":23},"4":{"name":"(anonymous_4)","decl":{"start":{"line":32,"column":6},"end":{"line":32,"column":19}},"loc":{"start":{"line":32,"column":56},"end":{"line":35,"column":null}},"line":32},"5":{"name":"(anonymous_5)","decl":{"start":{"line":38,"column":13},"end":{"line":38,"column":19}},"loc":{"start":{"line":39,"column":2},"end":{"line":42,"column":null}},"line":39}},"branchMap":{"0":{"loc":{"start":{"line":19,"column":2},"end":{"line":26,"column":null}},"type":"if","locations":[{"start":{"line":19,"column":2},"end":{"line":26,"column":null}},{"start":{},"end":{}}],"line":19}},"s":{"0":1,"1":3,"2":1,"3":1,"4":0,"5":0,"6":3,"7":1,"8":3,"9":3,"10":3,"11":1,"12":1},"f":{"0":3,"1":1,"2":0,"3":0,"4":3,"5":1},"b":{"0":[1,2]},"meta":{"lastBranch":1,"lastFunction":6,"lastStatement":13,"seen":{"s:13:20:13:22":0,"f:18:9:18:26":0,"b:19:2:26:Infinity:undefined:undefined:undefined:undefined":0,"s:19:2:26:Infinity":1,"s:20:4:26:Infinity":2,"f:20:24:20:Infinity":1,"s:20:24:25:9":3,"f:21:21:21:34":2,"s:21:34:25:9":4,"f:22:8:22:18":3,"s:23:10:25:9":5,"s:29:2:29:Infinity":6,"s:32:6:35:Infinity":7,"f:32:6:32:19":4,"s:33:14:33:36":8,"s:34:10:34:43":9,"s:35:2:35:Infinity":10,"s:38:6:42:Infinity":11,"f:38:13:38:19":5,"s:39:2:42:Infinity":12}}}
,"C:\\Users\\Dibey\\Documents\\portfolio-svg-icon-provider\\src\\components\\dynamic\\FallbackIcon.tsx": {"path":"C:\\Users\\Dibey\\Documents\\portfolio-svg-icon-provider\\src\\components\\dynamic\\FallbackIcon.tsx","statementMap":{"0":{"start":{"line":3,"column":6},"end":{"line":14,"column":null}},"1":{"start":{"line":4,"column":2},"end":{"line":14,"column":null}}},"fnMap":{"0":{"name":"(anonymous_0)","decl":{"start":{"line":3,"column":6},"end":{"line":3,"column":22}},"loc":{"start":{"line":4,"column":2},"end":{"line":14,"column":null}},"line":4}},"branchMap":{},"s":{"0":1,"1":0},"f":{"0":0},"b":{},"meta":{"lastBranch":0,"lastFunction":1,"lastStatement":2,"seen":{"s:3:6:14:Infinity":0,"f:3:6:3:22":0,"s:4:2:14:Infinity":1}}}
,"C:\\Users\\Dibey\\Documents\\portfolio-svg-icon-provider\\src\\components\\dynamic\\Skeleton.tsx": {"path":"C:\\Users\\Dibey\\Documents\\portfolio-svg-icon-provider\\src\\components\\dynamic\\Skeleton.tsx","statementMap":{"0":{"start":{"line":3,"column":22},"end":{"line":11,"column":null}},"1":{"start":{"line":13,"column":6},"end":{"line":22,"column":null}},"2":{"start":{"line":14,"column":2},"end":{"line":22,"column":null}}},"fnMap":{"0":{"name":"(anonymous_0)","decl":{"start":{"line":13,"column":6},"end":{"line":13,"column":null}},"loc":{"start":{"line":14,"column":2},"end":{"line":22,"column":null}},"line":14}},"branchMap":{},"s":{"0":1,"1":1,"2":1},"f":{"0":1},"b":{},"meta":{"lastBranch":0,"lastFunction":1,"lastStatement":3,"seen":{"s:3:22:11:Infinity":0,"s:13:6:22:Infinity":1,"f:13:6:13:Infinity":0,"s:14:2:22:Infinity":2}}}
,"C:\\Users\\Dibey\\Documents\\portfolio-svg-icon-provider\\src\\hooks\\use-icon-loaders.ts": {"path":"C:\\Users\\Dibey\\Documents\\portfolio-svg-icon-provider\\src\\hooks\\use-icon-loaders.ts","statementMap":{"0":{"start":{"line":12,"column":4},"end":{"line":32,"column":null}},"1":{"start":{"line":13,"column":13},"end":{"line":13,"column":null}},"2":{"start":{"line":14,"column":17},"end":{"line":14,"column":null}},"3":{"start":{"line":15,"column":13},"end":{"line":15,"column":null}},"4":{"start":{"line":16,"column":16},"end":{"line":16,"column":null}},"5":{"start":{"line":17,"column":15},"end":{"line":17,"column":null}},"6":{"start":{"line":18,"column":15},"end":{"line":18,"column":null}},"7":{"start":{"line":19,"column":20},"end":{"line":19,"column":null}},"8":{"start":{"line":20,"column":18},"end":{"line":20,"column":null}},"9":{"start":{"line":21,"column":14},"end":{"line":21,"column":null}},"10":{"start":{"line":22,"column":13},"end":{"line":22,"column":null}},"11":{"start":{"line":23,"column":20},"end":{"line":23,"column":null}},"12":{"start":{"line":24,"column":15},"end":{"line":24,"column":null}},"13":{"start":{"line":25,"column":21},"end":{"line":25,"column":null}},"14":{"start":{"line":26,"column":20},"end":{"line":26,"column":null}},"15":{"start":{"line":27,"column":16},"end":{"line":27,"column":null}},"16":{"start":{"line":28,"column":14},"end":{"line":28,"column":null}},"17":{"start":{"line":29,"column":16},"end":{"line":29,"column":null}},"18":{"start":{"line":30,"column":13},"end":{"line":30,"column":null}},"19":{"start":{"line":31,"column":17},"end":{"line":31,"column":null}},"20":{"start":{"line":35,"column":17},"end":{"line":35,"column":null}},"21":{"start":{"line":36,"column":2},"end":{"line":37,"column":null}},"22":{"start":{"line":37,"column":4},"end":{"line":37,"column":null}},"23":{"start":{"line":39,"column":2},"end":{"line":39,"column":null}}},"fnMap":{"0":{"name":"(anonymous_0)","decl":{"start":{"line":13,"column":2},"end":{"line":13,"column":13}},"loc":{"start":{"line":13,"column":13},"end":{"line":13,"column":null}},"line":13},"1":{"name":"(anonymous_1)","decl":{"start":{"line":14,"column":2},"end":{"line":14,"column":17}},"loc":{"start":{"line":14,"column":17},"end":{"line":14,"column":null}},"line":14},"2":{"name":"(anonymous_2)","decl":{"start":{"line":15,"column":2},"end":{"line":15,"column":13}},"loc":{"start":{"line":15,"column":13},"end":{"line":15,"column":null}},"line":15},"3":{"name":"(anonymous_3)","decl":{"start":{"line":16,"column":2},"end":{"line":16,"column":16}},"loc":{"start":{"line":16,"column":16},"end":{"line":16,"column":null}},"line":16},"4":{"name":"(anonymous_4)","decl":{"start":{"line":17,"column":2},"end":{"line":17,"column":15}},"loc":{"start":{"line":17,"column":15},"end":{"line":17,"column":null}},"line":17},"5":{"name":"(anonymous_5)","decl":{"start":{"line":18,"column":2},"end":{"line":18,"column":15}},"loc":{"start":{"line":18,"column":15},"end":{"line":18,"column":null}},"line":18},"6":{"name":"(anonymous_6)","decl":{"start":{"line":19,"column":2},"end":{"line":19,"column":20}},"loc":{"start":{"line":19,"column":20},"end":{"line":19,"column":null}},"line":19},"7":{"name":"(anonymous_7)","decl":{"start":{"line":20,"column":2},"end":{"line":20,"column":18}},"loc":{"start":{"line":20,"column":18},"end":{"line":20,"column":null}},"line":20},"8":{"name":"(anonymous_8)","decl":{"start":{"line":21,"column":2},"end":{"line":21,"column":14}},"loc":{"start":{"line":21,"column":14},"end":{"line":21,"column":null}},"line":21},"9":{"name":"(anonymous_9)","decl":{"start":{"line":22,"column":2},"end":{"line":22,"column":13}},"loc":{"start":{"line":22,"column":13},"end":{"line":22,"column":null}},"line":22},"10":{"name":"(anonymous_10)","decl":{"start":{"line":23,"column":2},"end":{"line":23,"column":20}},"loc":{"start":{"line":23,"column":20},"end":{"line":23,"column":null}},"line":23},"11":{"name":"(anonymous_11)","decl":{"start":{"line":24,"column":2},"end":{"line":24,"column":15}},"loc":{"start":{"line":24,"column":15},"end":{"line":24,"column":null}},"line":24},"12":{"name":"(anonymous_12)","decl":{"start":{"line":25,"column":2},"end":{"line":25,"column":21}},"loc":{"start":{"line":25,"column":21},"end":{"line":25,"column":null}},"line":25},"13":{"name":"(anonymous_13)","decl":{"start":{"line":26,"column":2},"end":{"line":26,"column":20}},"loc":{"start":{"line":26,"column":20},"end":{"line":26,"column":null}},"line":26},"14":{"name":"(anonymous_14)","decl":{"start":{"line":27,"column":2},"end":{"line":27,"column":16}},"loc":{"start":{"line":27,"column":16},"end":{"line":27,"column":null}},"line":27},"15":{"name":"(anonymous_15)","decl":{"start":{"line":28,"column":2},"end":{"line":28,"column":14}},"loc":{"start":{"line":28,"column":14},"end":{"line":28,"column":null}},"line":28},"16":{"name":"(anonymous_16)","decl":{"start":{"line":29,"column":2},"end":{"line":29,"column":16}},"loc":{"start":{"line":29,"column":16},"end":{"line":29,"column":null}},"line":29},"17":{"name":"(anonymous_17)","decl":{"start":{"line":30,"column":2},"end":{"line":30,"column":13}},"loc":{"start":{"line":30,"column":13},"end":{"line":30,"column":null}},"line":30},"18":{"name":"(anonymous_18)","decl":{"start":{"line":31,"column":2},"end":{"line":31,"column":17}},"loc":{"start":{"line":31,"column":17},"end":{"line":31,"column":null}},"line":31},"19":{"name":"loadIcon","decl":{"start":{"line":34,"column":16},"end":{"line":34,"column":25}},"loc":{"start":{"line":34,"column":44},"end":{"line":39,"column":null}},"line":34}},"branchMap":{"0":{"loc":{"start":{"line":36,"column":2},"end":{"line":37,"column":null}},"type":"if","locations":[{"start":{"line":36,"column":2},"end":{"line":37,"column":null}},{"start":{},"end":{}}],"line":36}},"s":{"0":1,"1":0,"2":0,"3":0,"4":0,"5":0,"6":0,"7":0,"8":0,"9":0,"10":0,"11":0,"12":1,"13":0,"14":0,"15":0,"16":0,"17":0,"18":0,"19":0,"20":1,"21":1,"22":0,"23":1},"f":{"0":0,"1":0,"2":0,"3":0,"4":0,"5":0,"6":0,"7":0,"8":0,"9":0,"10":0,"11":1,"12":0,"13":0,"14":0,"15":0,"16":0,"17":0,"18":0,"19":1},"b":{"0":[0,1]},"meta":{"lastBranch":1,"lastFunction":20,"lastStatement":24,"seen":{"s:12:4:32:Infinity":0,"f:13:2:13:13":0,"s:13:13:13:Infinity":1,"f:14:2:14:17":1,"s:14:17:14:Infinity":2,"f:15:2:15:13":2,"s:15:13:15:Infinity":3,"f:16:2:16:16":3,"s:16:16:16:Infinity":4,"f:17:2:17:15":4,"s:17:15:17:Infinity":5,"f:18:2:18:15":5,"s:18:15:18:Infinity":6,"f:19:2:19:20":6,"s:19:20:19:Infinity":7,"f:20:2:20:18":7,"s:20:18:20:Infinity":8,"f:21:2:21:14":8,"s:21:14:21:Infinity":9,"f:22:2:22:13":9,"s:22:13:22:Infinity":10,"f:23:2:23:20":10,"s:23:20:23:Infinity":11,"f:24:2:24:15":11,"s:24:15:24:Infinity":12,"f:25:2:25:21":12,"s:25:21:25:Infinity":13,"f:26:2:26:20":13,"s:26:20:26:Infinity":14,"f:27:2:27:16":14,"s:27:16:27:Infinity":15,"f:28:2:28:14":15,"s:28:14:28:Infinity":16,"f:29:2:29:16":16,"s:29:16:29:Infinity":17,"f:30:2:30:13":17,"s:30:13:30:Infinity":18,"f:31:2:31:17":18,"s:31:17:31:Infinity":19,"f:34:16:34:25":19,"s:35:17:35:Infinity":20,"b:36:2:37:Infinity:undefined:undefined:undefined:undefined":0,"s:36:2:37:Infinity":21,"s:37:4:37:Infinity":22,"s:39:2:39:Infinity":23}}}
,"C:\\Users\\Dibey\\Documents\\portfolio-svg-icon-provider\\src\\hooks\\use-icon.ts": {"path":"C:\\Users\\Dibey\\Documents\\portfolio-svg-icon-provider\\src\\hooks\\use-icon.ts","statementMap":{"0":{"start":{"line":7,"column":13},"end":{"line":16,"column":null}},"1":{"start":{"line":8,"column":36},"end":{"line":8,"column":null}},"2":{"start":{"line":10,"column":2},"end":{"line":16,"column":null}}},"fnMap":{"0":{"name":"(anonymous_0)","decl":{"start":{"line":7,"column":13},"end":{"line":7,"column":24}},"loc":{"start":{"line":7,"column":60},"end":{"line":16,"column":null}},"line":7}},"branchMap":{"0":{"loc":{"start":{"line":8,"column":10},"end":{"line":8,"column":24}},"type":"default-arg","locations":[{"start":{"line":8,"column":17},"end":{"line":8,"column":24}}],"line":8}},"s":{"0":3,"1":7,"2":7},"f":{"0":7},"b":{"0":[7]},"meta":{"lastBranch":1,"lastFunction":1,"lastStatement":3,"seen":{"s:7:13:16:Infinity":0,"f:7:13:7:24":0,"s:8:36:8:Infinity":1,"b:8:17:8:24":0,"s:10:2:16:Infinity":2}}}
}
